----------

Fri Jun 04 2021 10:12:25 GMT-0700 (Pacific Daylight Time)

warning: LF will be replaced by CRLF in assets/bootstrap/css/bootstrap.min.css.
The file will have its original line endings in your working directory


----------

Fri Jun 04 2021 10:12:25 GMT-0700 (Pacific Daylight Time)

warning: LF will be replaced by CRLF in assets/bootstrap/js/bootstrap.min.js.
The file will have its original line endings in your working directory


----------

Fri Jun 04 2021 10:12:25 GMT-0700 (Pacific Daylight Time)

warning: LF will be replaced by CRLF in assets/fonts/fa-brands-400.svg.
The file will have its original line endings in your working directory


----------

Fri Jun 04 2021 10:12:25 GMT-0700 (Pacific Daylight Time)

warning: LF will be replaced by CRLF in assets/fonts/fa-regular-400.svg.
The file will have its original line endings in your working directory


----------

Fri Jun 04 2021 10:12:25 GMT-0700 (Pacific Daylight Time)

warning: LF will be replaced by CRLF in assets/fonts/fa-solid-900.svg.
The file will have its original line endings in your working directory


----------

Fri Jun 04 2021 10:12:25 GMT-0700 (Pacific Daylight Time)

warning: LF will be replaced by CRLF in assets/fonts/font-awesome.min.css.
The file will have its original line endings in your working directory


----------

Fri Jun 04 2021 10:12:25 GMT-0700 (Pacific Daylight Time)

warning: LF will be replaced by CRLF in assets/fonts/fontawesome-all.min.css.
The file will have its original line endings in your working directory


----------

Fri Jun 04 2021 10:12:25 GMT-0700 (Pacific Daylight Time)

warning: LF will be replaced by CRLF in assets/fonts/fontawesome-webfont.svg.
The file will have its original line endings in your working directory


----------

Fri Jun 04 2021 10:12:25 GMT-0700 (Pacific Daylight Time)

warning: LF will be replaced by CRLF in assets/fonts/ionicons.min.css.
The file will have its original line endings in your working directory


----------

Fri Jun 04 2021 10:12:25 GMT-0700 (Pacific Daylight Time)

warning: LF will be replaced by CRLF in assets/fonts/ionicons.svg.
The file will have its original line endings in your working directory


----------

Fri Jun 04 2021 10:12:25 GMT-0700 (Pacific Daylight Time)

warning: LF will be replaced by CRLF in assets/js/jquery.min.js.
The file will have its original line endings in your working directory


----------

Fri Jun 04 2021 10:12:25 GMT-0700 (Pacific Daylight Time)

warning: LF will be replaced by CRLF in index.html.
The file will have its original line endings in your working directory


----------

Fri Jun 04 2021 10:12:29 GMT-0700 (Pacific Daylight Time)

To https://github.com/Nusano/nusano.github.io/
   0960248..334e8b8  main -> main


----------

Fri Jun 04 2021 10:14:20 GMT-0700 (Pacific Daylight Time)

warning: LF will be replaced by CRLF in assets/bootstrap/css/bootstrap.min.css.
The file will have its original line endings in your working directory


----------

Fri Jun 04 2021 10:14:20 GMT-0700 (Pacific Daylight Time)

warning: LF will be replaced by CRLF in assets/bootstrap/js/bootstrap.min.js.
The file will have its original line endings in your working directory


----------

Fri Jun 04 2021 10:14:20 GMT-0700 (Pacific Daylight Time)

warning: LF will be replaced by CRLF in assets/fonts/fa-brands-400.svg.
The file will have its original line endings in your working directory


----------

Fri Jun 04 2021 10:14:20 GMT-0700 (Pacific Daylight Time)

warning: LF will be replaced by CRLF in assets/fonts/fa-regular-400.svg.
The file will have its original line endings in your working directory


----------

Fri Jun 04 2021 10:14:20 GMT-0700 (Pacific Daylight Time)

warning: LF will be replaced by CRLF in assets/fonts/fa-solid-900.svg.
The file will have its original line endings in your working directory


----------

Fri Jun 04 2021 10:14:20 GMT-0700 (Pacific Daylight Time)

warning: LF will be replaced by CRLF in assets/fonts/font-awesome.min.css.
The file will have its original line endings in your working directory
warning: LF will be replaced by CRLF in assets/fonts/fontawesome-all.min.css.
The file will have its original line endings in your working directory


----------

Fri Jun 04 2021 10:14:20 GMT-0700 (Pacific Daylight Time)

warning: LF will be replaced by CRLF in assets/fonts/fontawesome-webfont.svg.
The file will have its original line endings in your working directory


----------

Fri Jun 04 2021 10:14:20 GMT-0700 (Pacific Daylight Time)

warning: LF will be replaced by CRLF in assets/fonts/ionicons.min.css.
The file will have its original line endings in your working directory


----------

Fri Jun 04 2021 10:14:20 GMT-0700 (Pacific Daylight Time)

warning: LF will be replaced by CRLF in assets/fonts/ionicons.svg.
The file will have its original line endings in your working directory


----------

Fri Jun 04 2021 10:14:20 GMT-0700 (Pacific Daylight Time)

warning: LF will be replaced by CRLF in assets/js/jquery.min.js.
The file will have its original line endings in your working directory


----------

Fri Jun 04 2021 10:14:20 GMT-0700 (Pacific Daylight Time)

warning: LF will be replaced by CRLF in index.html.
The file will have its original line endings in your working directory


----------

Fri Jun 04 2021 10:14:20 GMT-0700 (Pacific Daylight Time)

warning: LF will be replaced by CRLF in error.log.
The file will have its original line endings in your working directory


----------

Fri Jun 04 2021 10:14:24 GMT-0700 (Pacific Daylight Time)

To https://github.com/Nusano/nusano.github.io/
   334e8b8..37b2691  main -> main


----------

Fri Jun 04 2021 10:15:04 GMT-0700 (Pacific Daylight Time)

warning: LF will be replaced by CRLF in assets/bootstrap/css/bootstrap.min.css.
The file will have its original line endings in your working directory


----------

Fri Jun 04 2021 10:15:04 GMT-0700 (Pacific Daylight Time)

warning: LF will be replaced by CRLF in assets/bootstrap/js/bootstrap.min.js.
The file will have its original line endings in your working directory


----------

Fri Jun 04 2021 10:15:04 GMT-0700 (Pacific Daylight Time)

warning: LF will be replaced by CRLF in assets/fonts/fa-brands-400.svg.
The file will have its original line endings in your working directory


----------

Fri Jun 04 2021 10:15:04 GMT-0700 (Pacific Daylight Time)

warning: LF will be replaced by CRLF in assets/fonts/fa-regular-400.svg.
The file will have its original line endings in your working directory


----------

Fri Jun 04 2021 10:15:04 GMT-0700 (Pacific Daylight Time)

warning: LF will be replaced by CRLF in assets/fonts/fa-solid-900.svg.
The file will have its original line endings in your working directory


----------

Fri Jun 04 2021 10:15:04 GMT-0700 (Pacific Daylight Time)

warning: LF will be replaced by CRLF in assets/fonts/font-awesome.min.css.
The file will have its original line endings in your working directory


----------

Fri Jun 04 2021 10:15:04 GMT-0700 (Pacific Daylight Time)

warning: LF will be replaced by CRLF in assets/fonts/fontawesome-all.min.css.
The file will have its original line endings in your working directory


----------

Fri Jun 04 2021 10:15:04 GMT-0700 (Pacific Daylight Time)

warning: LF will be replaced by CRLF in assets/fonts/fontawesome-webfont.svg.
The file will have its original line endings in your working directory


----------

Fri Jun 04 2021 10:15:04 GMT-0700 (Pacific Daylight Time)

warning: LF will be replaced by CRLF in assets/fonts/ionicons.min.css.
The file will have its original line endings in your working directory


----------

Fri Jun 04 2021 10:15:04 GMT-0700 (Pacific Daylight Time)

warning: LF will be replaced by CRLF in assets/fonts/ionicons.svg.
The file will have its original line endings in your working directory


----------

Fri Jun 04 2021 10:15:04 GMT-0700 (Pacific Daylight Time)

warning: LF will be replaced by CRLF in assets/js/jquery.min.js.
The file will have its original line endings in your working directory


----------

Fri Jun 04 2021 10:15:04 GMT-0700 (Pacific Daylight Time)

warning: LF will be replaced by CRLF in error.log.
The file will have its original line endings in your working directory


----------

Fri Jun 04 2021 10:15:04 GMT-0700 (Pacific Daylight Time)

warning: LF will be replaced by CRLF in index.html.
The file will have its original line endings in your working directory


----------

Fri Jun 04 2021 10:15:07 GMT-0700 (Pacific Daylight Time)

To https://github.com/Nusano/nusano.github.io/
   37b2691..89a1226  main -> main


----------

Fri Jun 04 2021 10:36:15 GMT-0700 (Pacific Daylight Time)

warning: LF will be replaced by CRLF in assets/bootstrap/css/bootstrap.min.css.
The file will have its original line endings in your working directory


----------

Fri Jun 04 2021 10:36:15 GMT-0700 (Pacific Daylight Time)

warning: LF will be replaced by CRLF in assets/bootstrap/js/bootstrap.min.js.
The file will have its original line endings in your working directory


----------

Fri Jun 04 2021 10:36:15 GMT-0700 (Pacific Daylight Time)

warning: LF will be replaced by CRLF in assets/fonts/fa-brands-400.svg.
The file will have its original line endings in your working directory


----------

Fri Jun 04 2021 10:36:15 GMT-0700 (Pacific Daylight Time)

warning: LF will be replaced by CRLF in assets/fonts/fa-regular-400.svg.
The file will have its original line endings in your working directory


----------

Fri Jun 04 2021 10:36:15 GMT-0700 (Pacific Daylight Time)

warning: LF will be replaced by CRLF in assets/fonts/fa-solid-900.svg.
The file will have its original line endings in your working directory


----------

Fri Jun 04 2021 10:36:15 GMT-0700 (Pacific Daylight Time)

warning: LF will be replaced by CRLF in assets/fonts/font-awesome.min.css.
The file will have its original line endings in your working directory


----------

Fri Jun 04 2021 10:36:15 GMT-0700 (Pacific Daylight Time)

warning: LF will be replaced by CRLF in assets/fonts/fontawesome-all.min.css.
The file will have its original line endings in your working directory


----------

Fri Jun 04 2021 10:36:15 GMT-0700 (Pacific Daylight Time)

warning: LF will be replaced by CRLF in assets/fonts/fontawesome-webfont.svg.
The file will have its original line endings in your working directory


----------

Fri Jun 04 2021 10:36:15 GMT-0700 (Pacific Daylight Time)

warning: LF will be replaced by CRLF in assets/fonts/ionicons.min.css.
The file will have its original line endings in your working directory


----------

Fri Jun 04 2021 10:36:15 GMT-0700 (Pacific Daylight Time)

warning: LF will be replaced by CRLF in assets/fonts/ionicons.svg.
The file will have its original line endings in your working directory


----------

Fri Jun 04 2021 10:36:15 GMT-0700 (Pacific Daylight Time)

warning: LF will be replaced by CRLF in assets/js/jquery.min.js.
The file will have its original line endings in your working directory


----------

Fri Jun 04 2021 10:36:15 GMT-0700 (Pacific Daylight Time)

warning: LF will be replaced by CRLF in error.log.
The file will have its original line endings in your working directory


----------

Fri Jun 04 2021 10:36:15 GMT-0700 (Pacific Daylight Time)

warning: LF will be replaced by CRLF in index.html.
The file will have its original line endings in your working directory


----------

Fri Jun 04 2021 10:36:19 GMT-0700 (Pacific Daylight Time)

To https://github.com/Nusano/nusano.github.io/
   89a1226..85b316b  main -> main


----------

Fri Jun 04 2021 10:36:49 GMT-0700 (Pacific Daylight Time)

warning: LF will be replaced by CRLF in assets/bootstrap/css/bootstrap.min.css.
The file will have its original line endings in your working directory


----------

Fri Jun 04 2021 10:36:49 GMT-0700 (Pacific Daylight Time)

warning: LF will be replaced by CRLF in assets/bootstrap/js/bootstrap.min.js.
The file will have its original line endings in your working directory


----------

Fri Jun 04 2021 10:36:49 GMT-0700 (Pacific Daylight Time)

warning: LF will be replaced by CRLF in assets/fonts/fa-brands-400.svg.
The file will have its original line endings in your working directory


----------

Fri Jun 04 2021 10:36:49 GMT-0700 (Pacific Daylight Time)

warning: LF will be replaced by CRLF in assets/fonts/fa-regular-400.svg.
The file will have its original line endings in your working directory


----------

Fri Jun 04 2021 10:36:49 GMT-0700 (Pacific Daylight Time)

warning: LF will be replaced by CRLF in assets/fonts/fa-solid-900.svg.
The file will have its original line endings in your working directory


----------

Fri Jun 04 2021 10:36:49 GMT-0700 (Pacific Daylight Time)

warning: LF will be replaced by CRLF in assets/fonts/font-awesome.min.css.
The file will have its original line endings in your working directory


----------

Fri Jun 04 2021 10:36:49 GMT-0700 (Pacific Daylight Time)

warning: LF will be replaced by CRLF in assets/fonts/fontawesome-all.min.css.
The file will have its original line endings in your working directory


----------

Fri Jun 04 2021 10:36:49 GMT-0700 (Pacific Daylight Time)

warning: LF will be replaced by CRLF in assets/fonts/fontawesome-webfont.svg.
The file will have its original line endings in your working directory


----------

Fri Jun 04 2021 10:36:49 GMT-0700 (Pacific Daylight Time)

warning: LF will be replaced by CRLF in assets/fonts/ionicons.min.css.
The file will have its original line endings in your working directory


----------

Fri Jun 04 2021 10:36:49 GMT-0700 (Pacific Daylight Time)

warning: LF will be replaced by CRLF in assets/fonts/ionicons.svg.
The file will have its original line endings in your working directory


----------

Fri Jun 04 2021 10:36:49 GMT-0700 (Pacific Daylight Time)

warning: LF will be replaced by CRLF in assets/js/jquery.min.js.
The file will have its original line endings in your working directory


----------

Fri Jun 04 2021 10:36:49 GMT-0700 (Pacific Daylight Time)

warning: LF will be replaced by CRLF in error.log.
The file will have its original line endings in your working directory


----------

Fri Jun 04 2021 10:36:49 GMT-0700 (Pacific Daylight Time)

warning: LF will be replaced by CRLF in index.html.
The file will have its original line endings in your working directory


----------

Fri Jun 04 2021 10:36:57 GMT-0700 (Pacific Daylight Time)

To https://github.com/Nusano/nusano.github.io/
   85b316b..f3520fa  main -> main


----------

Fri Jun 04 2021 10:42:16 GMT-0700 (Pacific Daylight Time)

warning: LF will be replaced by CRLF in assets/bootstrap/css/bootstrap.min.css.
The file will have its original line endings in your working directory


----------

Fri Jun 04 2021 10:42:16 GMT-0700 (Pacific Daylight Time)

warning: LF will be replaced by CRLF in assets/bootstrap/js/bootstrap.min.js.
The file will have its original line endings in your working directory


----------

Fri Jun 04 2021 10:42:16 GMT-0700 (Pacific Daylight Time)

warning: LF will be replaced by CRLF in assets/fonts/fa-brands-400.svg.
The file will have its original line endings in your working directory


----------

Fri Jun 04 2021 10:42:16 GMT-0700 (Pacific Daylight Time)

warning: LF will be replaced by CRLF in assets/fonts/fa-regular-400.svg.
The file will have its original line endings in your working directory


----------

Fri Jun 04 2021 10:42:16 GMT-0700 (Pacific Daylight Time)

warning: LF will be replaced by CRLF in assets/fonts/fa-solid-900.svg.
The file will have its original line endings in your working directory


----------

Fri Jun 04 2021 10:42:16 GMT-0700 (Pacific Daylight Time)

warning: LF will be replaced by CRLF in assets/fonts/font-awesome.min.css.
The file will have its original line endings in your working directory


----------

Fri Jun 04 2021 10:42:16 GMT-0700 (Pacific Daylight Time)

warning: LF will be replaced by CRLF in assets/fonts/fontawesome-all.min.css.
The file will have its original line endings in your working directory


----------

Fri Jun 04 2021 10:42:16 GMT-0700 (Pacific Daylight Time)

warning: LF will be replaced by CRLF in assets/fonts/fontawesome-webfont.svg.
The file will have its original line endings in your working directory


----------

Fri Jun 04 2021 10:42:16 GMT-0700 (Pacific Daylight Time)

warning: LF will be replaced by CRLF in assets/fonts/ionicons.min.css.
The file will have its original line endings in your working directory


----------

Fri Jun 04 2021 10:42:16 GMT-0700 (Pacific Daylight Time)

warning: LF will be replaced by CRLF in assets/fonts/ionicons.svg.
The file will have its original line endings in your working directory


----------

Fri Jun 04 2021 10:42:16 GMT-0700 (Pacific Daylight Time)

warning: LF will be replaced by CRLF in assets/js/jquery.min.js.
The file will have its original line endings in your working directory


----------

Fri Jun 04 2021 10:42:16 GMT-0700 (Pacific Daylight Time)

warning: LF will be replaced by CRLF in error.log.
The file will have its original line endings in your working directory


----------

Fri Jun 04 2021 10:42:16 GMT-0700 (Pacific Daylight Time)

warning: LF will be replaced by CRLF in index.html.
The file will have its original line endings in your working directory


----------

Fri Jun 04 2021 10:42:20 GMT-0700 (Pacific Daylight Time)

To https://github.com/Nusano/nusano.github.io/
   f3520fa..fc0ffe5  main -> main


----------

Fri Jun 04 2021 10:58:36 GMT-0700 (Pacific Daylight Time)

warning: LF will be replaced by CRLF in assets/bootstrap/css/bootstrap.min.css.
The file will have its original line endings in your working directory


----------

Fri Jun 04 2021 10:58:36 GMT-0700 (Pacific Daylight Time)

warning: LF will be replaced by CRLF in assets/bootstrap/js/bootstrap.min.js.
The file will have its original line endings in your working directory


----------

Fri Jun 04 2021 10:58:36 GMT-0700 (Pacific Daylight Time)

warning: LF will be replaced by CRLF in assets/fonts/fa-brands-400.svg.
The file will have its original line endings in your working directory


----------

Fri Jun 04 2021 10:58:36 GMT-0700 (Pacific Daylight Time)

warning: LF will be replaced by CRLF in assets/fonts/fa-regular-400.svg.
The file will have its original line endings in your working directory


----------

Fri Jun 04 2021 10:58:36 GMT-0700 (Pacific Daylight Time)

warning: LF will be replaced by CRLF in assets/fonts/fa-solid-900.svg.
The file will have its original line endings in your working directory


----------

Fri Jun 04 2021 10:58:36 GMT-0700 (Pacific Daylight Time)

warning: LF will be replaced by CRLF in assets/fonts/font-awesome.min.css.
The file will have its original line endings in your working directory
warning: LF will be replaced by CRLF in assets/fonts/fontawesome-all.min.css.
The file will have its original line endings in your working directory


----------

Fri Jun 04 2021 10:58:36 GMT-0700 (Pacific Daylight Time)

warning: LF will be replaced by CRLF in assets/fonts/fontawesome-webfont.svg.
The file will have its original line endings in your working directory


----------

Fri Jun 04 2021 10:58:36 GMT-0700 (Pacific Daylight Time)

warning: LF will be replaced by CRLF in assets/fonts/ionicons.min.css.
The file will have its original line endings in your working directory


----------

Fri Jun 04 2021 10:58:36 GMT-0700 (Pacific Daylight Time)

warning: LF will be replaced by CRLF in assets/fonts/ionicons.svg.
The file will have its original line endings in your working directory


----------

Fri Jun 04 2021 10:58:36 GMT-0700 (Pacific Daylight Time)

warning: LF will be replaced by CRLF in assets/js/jquery.min.js.
The file will have its original line endings in your working directory


----------

Fri Jun 04 2021 10:58:36 GMT-0700 (Pacific Daylight Time)

warning: LF will be replaced by CRLF in error.log.
The file will have its original line endings in your working directory


----------

Fri Jun 04 2021 10:58:36 GMT-0700 (Pacific Daylight Time)

warning: LF will be replaced by CRLF in index.html.
The file will have its original line endings in your working directory


----------

Fri Jun 04 2021 10:58:40 GMT-0700 (Pacific Daylight Time)

To https://github.com/Nusano/nusano.github.io/
   fc0ffe5..8b3759b  main -> main


----------

Mon Jun 07 2021 09:37:27 GMT-0700 (Pacific Daylight Time)

warning: LF will be replaced by CRLF in assets/bootstrap/css/bootstrap.min.css.
The file will have its original line endings in your working directory


----------

Mon Jun 07 2021 09:37:27 GMT-0700 (Pacific Daylight Time)

warning: LF will be replaced by CRLF in assets/bootstrap/js/bootstrap.min.js.
The file will have its original line endings in your working directory


----------

Mon Jun 07 2021 09:37:28 GMT-0700 (Pacific Daylight Time)

warning: LF will be replaced by CRLF in assets/fonts/fa-brands-400.svg.
The file will have its original line endings in your working directory


----------

Mon Jun 07 2021 09:37:28 GMT-0700 (Pacific Daylight Time)

warning: LF will be replaced by CRLF in assets/fonts/fa-regular-400.svg.
The file will have its original line endings in your working directory


----------

Mon Jun 07 2021 09:37:28 GMT-0700 (Pacific Daylight Time)

warning: LF will be replaced by CRLF in assets/fonts/fa-solid-900.svg.
The file will have its original line endings in your working directory


----------

Mon Jun 07 2021 09:37:28 GMT-0700 (Pacific Daylight Time)

warning: LF will be replaced by CRLF in assets/fonts/font-awesome.min.css.
The file will have its original line endings in your working directory


----------

Mon Jun 07 2021 09:37:28 GMT-0700 (Pacific Daylight Time)

warning: LF will be replaced by CRLF in assets/fonts/fontawesome-all.min.css.
The file will have its original line endings in your working directory


----------

Mon Jun 07 2021 09:37:28 GMT-0700 (Pacific Daylight Time)

warning: LF will be replaced by CRLF in assets/fonts/fontawesome-webfont.svg.
The file will have its original line endings in your working directory


----------

Mon Jun 07 2021 09:37:28 GMT-0700 (Pacific Daylight Time)

warning: LF will be replaced by CRLF in assets/fonts/ionicons.min.css.
The file will have its original line endings in your working directory


----------

Mon Jun 07 2021 09:37:28 GMT-0700 (Pacific Daylight Time)

warning: LF will be replaced by CRLF in assets/fonts/ionicons.svg.
The file will have its original line endings in your working directory


----------

Mon Jun 07 2021 09:37:28 GMT-0700 (Pacific Daylight Time)

warning: LF will be replaced by CRLF in assets/js/jquery.min.js.
The file will have its original line endings in your working directory


----------

Mon Jun 07 2021 09:37:28 GMT-0700 (Pacific Daylight Time)

warning: LF will be replaced by CRLF in error.log.
The file will have its original line endings in your working directory


----------

Mon Jun 07 2021 09:37:28 GMT-0700 (Pacific Daylight Time)

warning: LF will be replaced by CRLF in index.html.
The file will have its original line endings in your working directory


----------

Mon Jun 07 2021 09:37:32 GMT-0700 (Pacific Daylight Time)

To https://github.com/Nusano/nusano.github.io/
   8b3759b..2003ca4  main -> main


----------

Fri Sep 17 2021 11:06:42 GMT-0700 (Pacific Daylight Time)

warning: LF will be replaced by CRLF in error.log.
The file will have its original line endings in your working directory


----------

Fri Sep 17 2021 11:06:42 GMT-0700 (Pacific Daylight Time)

warning: LF will be replaced by CRLF in index.html.
The file will have its original line endings in your working directory


----------

Fri Sep 17 2021 11:06:44 GMT-0700 (Pacific Daylight Time)

To https://github.com/Nusano/nusano.github.io/
 ! [rejected]        main -> main (fetch first)
error: failed to push some refs to 'https://github.com/Nusano/nusano.github.io/'


----------

Fri Sep 17 2021 11:06:44 GMT-0700 (Pacific Daylight Time)

hint: Updates were rejected because the remote contains work that you do
hint: not have locally. This is usually caused by another repository pushing
hint: to the same ref. You may want to first integrate the remote changes
hint: (e.g., 'git pull ...') before pushing again.
hint: See the 'Note about fast-forwards' in 'git push --help' for details.


